c:\users\francis\desktop\ftb\ftb\gui\debug\vc120.pdb
c:\users\francis\desktop\ftb\ftb\gui\debug\shortcut.obj
c:\users\francis\desktop\ftb\ftb\gui\debug\sfmlwindow.obj
c:\users\francis\desktop\ftb\ftb\gui\debug\sfmlcanvas.obj
c:\users\francis\desktop\ftb\ftb\gui\debug\messagewindow.obj
c:\users\francis\desktop\ftb\ftb\gui\debug\loadingdialog.obj
c:\users\francis\desktop\ftb\ftb\gui\debug\main.obj
c:\users\francis\desktop\ftb\ftb\gui\debug\keyboardfacade.obj
c:\users\francis\desktop\ftb\ftb\gui\debug\keyboardbutton.obj
c:\users\francis\desktop\ftb\ftb\gui\debug\interfacelogique.obj
c:\users\francis\desktop\ftb\ftb\gui\debug\gui.obj
c:\users\francis\desktop\ftb\ftb\gui\debug\qrc_gui.obj
c:\users\francis\desktop\ftb\ftb\gui\debug\moc_gui.obj
c:\users\francis\desktop\ftb\ftb\gui\generatedfiles\debug\moc_gui.cpp
c:\users\francis\desktop\ftb\ftb\gui\generatedfiles\ui_gui.h
c:\users\francis\desktop\ftb\ftb\gui\generatedfiles\qrc_gui.cpp
c:\users\francis\desktop\ftb\ftb\win32\debug\interface.ilk
c:\users\francis\desktop\ftb\ftb\win32\debug\interface.exe
c:\users\francis\desktop\ftb\ftb\win32\debug\interface.pdb
c:\users\francis\desktop\ftb\ftb\gui\debug\gui.res
c:\users\francis\desktop\ftb\ftb\gui\debug\interface.tlog\cl.command.1.tlog
c:\users\francis\desktop\ftb\ftb\gui\debug\interface.tlog\cl.read.1.tlog
c:\users\francis\desktop\ftb\ftb\gui\debug\interface.tlog\cl.write.1.tlog
c:\users\francis\desktop\ftb\ftb\gui\debug\interface.tlog\custombuild.command.1.tlog
c:\users\francis\desktop\ftb\ftb\gui\debug\interface.tlog\custombuild.read.1.tlog
c:\users\francis\desktop\ftb\ftb\gui\debug\interface.tlog\custombuild.write.1.tlog
c:\users\francis\desktop\ftb\ftb\gui\debug\interface.tlog\link.command.1.tlog
c:\users\francis\desktop\ftb\ftb\gui\debug\interface.tlog\link.read.1.tlog
c:\users\francis\desktop\ftb\ftb\gui\debug\interface.tlog\link.write.1.tlog
c:\users\francis\desktop\ftb\ftb\gui\debug\interface.tlog\rc.command.1.tlog
c:\users\francis\desktop\ftb\ftb\gui\debug\interface.tlog\rc.read.1.tlog
c:\users\francis\desktop\ftb\ftb\gui\debug\interface.tlog\rc.write.1.tlog
